2021-08-04 11:36:57,516 - DEBUG - Starting new HTTPS connection (1): quay.io:443
2021-08-04 11:36:57,634 - DEBUG - https://quay.io:443 "GET /api/v1/repository/hisplan/star HTTP/1.1" 401 208
2021-08-04 11:36:58,186 - INFO - The push refers to repository [quay.io/hisplan/star]
2021-08-04 11:36:58,352 - INFO - 7dd1bd700cfc: Preparing
2021-08-04 11:36:58,352 - INFO - d70197807481: Preparing
2021-08-04 11:36:58,352 - INFO - edf3aa290fb3: Preparing
2021-08-04 11:36:59,790 - INFO - edf3aa290fb3: Mounted from hisplan/cromwell-seqc
2021-08-04 11:37:00,233 - INFO - 7dd1bd700cfc: Pushed
2021-08-04 11:37:03,866 - INFO - d70197807481: Pushed
2021-08-04 11:37:05,950 - INFO - 2.7.6a: digest: sha256:4f7584458315615c3e4ff11b734fc7c0efd90a6d7acb6a11f7bac1577fe7b654 size: 948
2021-08-04 11:37:05,990 - DEBUG - Starting new HTTPS connection (1): quay.io:443
2021-08-04 11:37:06,074 - DEBUG - https://quay.io:443 "POST /api/v1/repository/hisplan/star/changevisibility HTTP/1.1" 403 50
2021-08-04 11:37:06,076 - ERROR - Invalid or missing QUAY_AUTH_TOKEN...
2021-08-04 11:37:17,775 - DEBUG - Starting new HTTPS connection (1): quay.io:443
2021-08-04 11:37:18,163 - DEBUG - https://quay.io:443 "GET /api/v1/repository/hisplan/star HTTP/1.1" 200 621
2021-08-04 11:37:18,468 - INFO - The push refers to repository [quay.io/hisplan/star]
2021-08-04 11:37:18,539 - INFO - 7dd1bd700cfc: Preparing
2021-08-04 11:37:18,539 - INFO - d70197807481: Preparing
2021-08-04 11:37:18,540 - INFO - edf3aa290fb3: Preparing
2021-08-04 11:37:19,038 - INFO - d70197807481: Layer already exists
2021-08-04 11:37:19,057 - INFO - 7dd1bd700cfc: Layer already exists
2021-08-04 11:37:19,217 - INFO - edf3aa290fb3: Layer already exists
2021-08-04 11:37:19,467 - INFO - 2.7.6a: digest: sha256:4f7584458315615c3e4ff11b734fc7c0efd90a6d7acb6a11f7bac1577fe7b654 size: 948
2021-08-04 11:37:19,509 - DEBUG - Starting new HTTPS connection (1): quay.io:443
2021-08-04 11:37:19,977 - DEBUG - https://quay.io:443 "POST /api/v1/repository/hisplan/star/changevisibility HTTP/1.1" 200 18
2021-08-04 11:37:19,980 - INFO - DONE.
2021-08-04 11:37:20,614 - DEBUG - Starting new HTTPS connection (1): quay.io:443
2021-08-04 11:37:21,001 - DEBUG - https://quay.io:443 "GET /api/v1/repository/hisplan/cromwell-star HTTP/1.1" 404 168
2021-08-04 11:37:21,005 - DEBUG - Starting new HTTPS connection (1): quay.io:443
2021-08-04 11:37:21,513 - DEBUG - https://quay.io:443 "POST /api/v1/repository HTTP/1.1" 201 67
2021-08-04 11:37:21,822 - INFO - The push refers to repository [quay.io/hisplan/cromwell-star]
2021-08-04 11:37:21,889 - INFO - 7dd1bd700cfc: Preparing
2021-08-04 11:37:21,889 - INFO - d70197807481: Preparing
2021-08-04 11:37:21,890 - INFO - edf3aa290fb3: Preparing
2021-08-04 11:37:23,754 - INFO - edf3aa290fb3: Mounted from hisplan/star
2021-08-04 11:37:23,770 - INFO - 7dd1bd700cfc: Mounted from hisplan/star
2021-08-04 11:37:23,899 - INFO - d70197807481: Mounted from hisplan/star
2021-08-04 11:37:25,537 - INFO - 2.7.6a: digest: sha256:3e9f9d38319bc6f47c2e427b1c69e7abfdf5c33203e683ff287a0e863367889b size: 948
2021-08-04 11:37:25,583 - DEBUG - Starting new HTTPS connection (1): quay.io:443
2021-08-04 11:37:26,040 - DEBUG - https://quay.io:443 "POST /api/v1/repository/hisplan/cromwell-star/changevisibility HTTP/1.1" 200 18
2021-08-04 11:37:26,042 - INFO - DONE.
